2025-08-12 01:29:41,585 INFO: 키움증권 로그인 시도 중...
2025-08-12 01:30:06,658 INFO: 키움증권 연결 성공
2025-08-12 01:30:06,659 INFO: 조건검색 시작...
2025-08-12 01:30:06,659 INFO: 총 20개 종목 분석 시작...
2025-08-12 01:30:06,659 INFO: 1/20: 삼성전자(005930) 분석 중...
2025-08-12 01:30:06,659 INFO: 005930 일봉 데이터 요청 중...
2025-08-12 01:30:06,682 ERROR: 005930 일봉 데이터 요청 실패: None
2025-08-12 01:30:07,186 INFO: 005930 월봉 데이터 요청 중...
2025-08-12 01:30:07,218 ERROR: 005930 월봉 데이터 요청 실패: None
2025-08-12 01:30:07,731 WARNING: 데이터 수신 실패
2025-08-12 01:30:07,732 INFO: 2/20: SK하이닉스(000660) 분석 중...
2025-08-12 01:30:07,732 INFO: 000660 일봉 데이터 요청 중...
2025-08-12 01:30:07,738 ERROR: 000660 일봉 데이터 요청 실패: None
2025-08-12 01:30:08,248 INFO: 000660 월봉 데이터 요청 중...
2025-08-12 01:30:08,261 ERROR: 000660 월봉 데이터 요청 실패: None
2025-08-12 01:30:08,776 WARNING: 데이터 수신 실패
2025-08-12 01:30:08,776 INFO: 3/20: NAVER(035420) 분석 중...
2025-08-12 01:30:08,777 INFO: 035420 일봉 데이터 요청 중...
2025-08-12 01:30:08,783 ERROR: 035420 일봉 데이터 요청 실패: None
2025-08-12 01:30:09,296 INFO: 035420 월봉 데이터 요청 중...
2025-08-12 01:30:09,310 ERROR: 035420 월봉 데이터 요청 실패: None
2025-08-12 01:30:09,824 WARNING: 데이터 수신 실패
2025-08-12 01:30:09,824 INFO: 4/20: 카카오(035720) 분석 중...
2025-08-12 01:30:09,824 INFO: 035720 일봉 데이터 요청 중...
2025-08-12 01:30:09,830 ERROR: 035720 일봉 데이터 요청 실패: None
2025-08-12 01:30:10,339 INFO: 035720 월봉 데이터 요청 중...
2025-08-12 01:30:10,352 ERROR: 035720 월봉 데이터 요청 실패: None
2025-08-12 01:30:10,854 WARNING: 데이터 수신 실패
2025-08-12 01:30:10,854 INFO: 5/20: LG에너지솔루션(373220) 분석 중...
2025-08-12 01:30:10,854 INFO: 373220 일봉 데이터 요청 중...
2025-08-12 01:30:10,859 ERROR: 373220 일봉 데이터 요청 실패: None
2025-08-12 01:30:11,368 INFO: 373220 월봉 데이터 요청 중...
2025-08-12 01:30:11,381 ERROR: 373220 월봉 데이터 요청 실패: None
2025-08-12 01:30:11,884 WARNING: 데이터 수신 실패
2025-08-12 01:30:11,885 INFO: 6/20: 현대차(005380) 분석 중...
2025-08-12 01:30:11,885 INFO: 005380 일봉 데이터 요청 중...
2025-08-12 01:30:11,890 ERROR: 005380 일봉 데이터 요청 실패: None
2025-08-12 01:30:12,398 INFO: 005380 월봉 데이터 요청 중...
2025-08-12 01:30:12,413 ERROR: 005380 월봉 데이터 요청 실패: None
2025-08-12 01:30:12,926 WARNING: 데이터 수신 실패
2025-08-12 01:30:12,927 INFO: 7/20: 기아(000270) 분석 중...
2025-08-12 01:30:12,927 INFO: 000270 일봉 데이터 요청 중...
2025-08-12 01:30:12,932 ERROR: 000270 일봉 데이터 요청 실패: None
2025-08-12 01:30:13,438 INFO: 000270 월봉 데이터 요청 중...
2025-08-12 01:30:13,451 ERROR: 000270 월봉 데이터 요청 실패: None
2025-08-12 01:30:13,957 WARNING: 데이터 수신 실패
2025-08-12 01:30:13,957 INFO: 8/20: POSCO홀딩스(005490) 분석 중...
2025-08-12 01:30:13,957 INFO: 005490 일봉 데이터 요청 중...
2025-08-12 01:30:13,963 ERROR: 005490 일봉 데이터 요청 실패: None
2025-08-12 01:30:14,471 INFO: 005490 월봉 데이터 요청 중...
2025-08-12 01:30:14,483 ERROR: 005490 월봉 데이터 요청 실패: None
2025-08-12 01:30:14,985 WARNING: 데이터 수신 실패
2025-08-12 01:30:14,986 INFO: 9/20: LG화학(051910) 분석 중...
2025-08-12 01:30:14,986 INFO: 051910 일봉 데이터 요청 중...
2025-08-12 01:30:14,991 ERROR: 051910 일봉 데이터 요청 실패: None
2025-08-12 01:30:15,501 INFO: 051910 월봉 데이터 요청 중...
2025-08-12 01:30:15,514 ERROR: 051910 월봉 데이터 요청 실패: None
2025-08-12 01:30:16,015 WARNING: 데이터 수신 실패
2025-08-12 01:30:16,015 INFO: 10/20: 삼성바이오로직스(207940) 분석 중...
2025-08-12 01:30:16,016 INFO: 207940 일봉 데이터 요청 중...
2025-08-12 01:30:16,022 ERROR: 207940 일봉 데이터 요청 실패: None
2025-08-12 01:30:16,532 INFO: 207940 월봉 데이터 요청 중...
2025-08-12 01:30:16,547 ERROR: 207940 월봉 데이터 요청 실패: None
2025-08-12 01:30:17,061 WARNING: 데이터 수신 실패
2025-08-12 01:30:17,061 INFO: 11/20: 현대모비스(012330) 분석 중...
2025-08-12 01:30:17,061 INFO: 012330 일봉 데이터 요청 중...
2025-08-12 01:30:17,069 ERROR: 012330 일봉 데이터 요청 실패: None
2025-08-12 01:30:17,579 INFO: 012330 월봉 데이터 요청 중...
2025-08-12 01:30:17,593 ERROR: 012330 월봉 데이터 요청 실패: None
2025-08-12 01:30:18,108 WARNING: 데이터 수신 실패
2025-08-12 01:30:18,108 INFO: 12/20: KB금융(105560) 분석 중...
2025-08-12 01:30:18,108 INFO: 105560 일봉 데이터 요청 중...
2025-08-12 01:30:18,114 ERROR: 105560 일봉 데이터 요청 실패: None
2025-08-12 01:30:18,621 INFO: 105560 월봉 데이터 요청 중...
2025-08-12 01:30:18,633 ERROR: 105560 월봉 데이터 요청 실패: None
2025-08-12 01:30:19,137 WARNING: 데이터 수신 실패
2025-08-12 01:30:19,138 INFO: 13/20: 신한지주(055550) 분석 중...
2025-08-12 01:30:19,138 INFO: 055550 일봉 데이터 요청 중...
2025-08-12 01:30:19,143 ERROR: 055550 일봉 데이터 요청 실패: None
2025-08-12 01:30:19,653 INFO: 055550 월봉 데이터 요청 중...
2025-08-12 01:30:19,665 ERROR: 055550 월봉 데이터 요청 실패: None
2025-08-12 01:30:20,168 WARNING: 데이터 수신 실패
2025-08-12 01:30:20,168 INFO: 14/20: 하나금융지주(086790) 분석 중...
2025-08-12 01:30:20,168 INFO: 086790 일봉 데이터 요청 중...
2025-08-12 01:30:20,173 ERROR: 086790 일봉 데이터 요청 실패: None
2025-08-12 01:30:20,683 INFO: 086790 월봉 데이터 요청 중...
2025-08-12 01:30:20,697 ERROR: 086790 월봉 데이터 요청 실패: None
2025-08-12 01:30:21,198 WARNING: 데이터 수신 실패
2025-08-12 01:30:21,199 INFO: 15/20: LG전자(066570) 분석 중...
2025-08-12 01:30:21,200 INFO: 066570 일봉 데이터 요청 중...
2025-08-12 01:30:21,205 ERROR: 066570 일봉 데이터 요청 실패: None
2025-08-12 01:30:21,714 INFO: 066570 월봉 데이터 요청 중...
2025-08-12 01:30:21,727 ERROR: 066570 월봉 데이터 요청 실패: None
2025-08-12 01:30:22,241 WARNING: 데이터 수신 실패
2025-08-12 01:30:22,242 INFO: 16/20: 삼성SDI(006400) 분석 중...
2025-08-12 01:30:22,242 INFO: 006400 일봉 데이터 요청 중...
2025-08-12 01:30:22,248 ERROR: 006400 일봉 데이터 요청 실패: None
2025-08-12 01:30:22,753 INFO: 006400 월봉 데이터 요청 중...
2025-08-12 01:30:22,766 ERROR: 006400 월봉 데이터 요청 실패: None
2025-08-12 01:30:23,270 WARNING: 데이터 수신 실패
2025-08-12 01:30:23,270 INFO: 17/20: 포스코퓨처엠(003670) 분석 중...
2025-08-12 01:30:23,270 INFO: 003670 일봉 데이터 요청 중...
2025-08-12 01:30:23,276 ERROR: 003670 일봉 데이터 요청 실패: None
2025-08-12 01:30:23,785 INFO: 003670 월봉 데이터 요청 중...
2025-08-12 01:30:23,798 ERROR: 003670 월봉 데이터 요청 실패: None
2025-08-12 01:30:24,301 WARNING: 데이터 수신 실패
2025-08-12 01:30:24,301 INFO: 18/20: 아모레퍼시픽(090430) 분석 중...
2025-08-12 01:30:24,302 INFO: 090430 일봉 데이터 요청 중...
2025-08-12 01:30:24,306 ERROR: 090430 일봉 데이터 요청 실패: None
2025-08-12 01:30:24,816 INFO: 090430 월봉 데이터 요청 중...
2025-08-12 01:30:24,828 ERROR: 090430 월봉 데이터 요청 실패: None
2025-08-12 01:30:25,344 WARNING: 데이터 수신 실패
2025-08-12 01:30:25,344 INFO: 19/20: LG생활건강(051900) 분석 중...
2025-08-12 01:30:25,344 INFO: 051900 일봉 데이터 요청 중...
2025-08-12 01:30:25,351 ERROR: 051900 일봉 데이터 요청 실패: None
2025-08-12 01:30:25,857 INFO: 051900 월봉 데이터 요청 중...
2025-08-12 01:30:25,870 ERROR: 051900 월봉 데이터 요청 실패: None
2025-08-12 01:30:26,386 WARNING: 데이터 수신 실패
2025-08-12 01:30:26,386 INFO: 20/20: 셀트리온(068270) 분석 중...
2025-08-12 01:30:26,386 INFO: 068270 일봉 데이터 요청 중...
2025-08-12 01:30:26,391 ERROR: 068270 일봉 데이터 요청 실패: None
2025-08-12 01:30:26,902 INFO: 068270 월봉 데이터 요청 중...
2025-08-12 01:30:26,914 ERROR: 068270 월봉 데이터 요청 실패: None
2025-08-12 01:30:27,415 WARNING: 데이터 수신 실패
2025-08-12 01:30:27,417 INFO: 조건검색 완료!
2025-08-12 01:30:27,417 INFO: 총 0개 종목이 조건을 만족했습니다.
2025-08-12 01:30:27,418 INFO: 결과가 data.json 파일로 저장되었습니다.
2025-08-12 01:30:27,418 INFO: AUTO_GIT_PUSH=false -> Git 자동화 건너뜀
